0 info it worked if it ends with ok
1 verbose cli [ '/usr/local/Cellar/node/7.2.1/bin/node',
1 verbose cli   '/usr/local/bin/npm',
1 verbose cli   'start' ]
2 info using npm@3.10.9
3 info using node@v7.2.1
4 verbose run-script [ 'prestart', 'start', 'poststart' ]
5 info lifecycle react-redux-simple@1.0.0~prestart: react-redux-simple@1.0.0
6 silly lifecycle react-redux-simple@1.0.0~prestart: no script for prestart, continuing
7 info lifecycle react-redux-simple@1.0.0~start: react-redux-simple@1.0.0
8 verbose lifecycle react-redux-simple@1.0.0~start: unsafe-perm in lifecycle true
9 verbose lifecycle react-redux-simple@1.0.0~start: PATH: /usr/local/Cellar/node/7.2.1/libexec/npm/lib/node_modules/npm/bin/node-gyp-bin:/Users/yangbai/code/workspace/redux/react-redux-simple/node_modules/.bin:/usr/local/Cellar/node/7.2.1/bin:/Users/yangbai/bin:/usr/local/bin:/usr/local/bin:/usr/bin:/bin:/usr/sbin:/sbin:/Applications/Wireshark.app/Contents/MacOS
10 verbose lifecycle react-redux-simple@1.0.0~start: CWD: /Users/yangbai/code/workspace/redux/react-redux-simple
11 silly lifecycle react-redux-simple@1.0.0~start: Args: [ '-c', 'NODE_ENV=dev webpack-dev-server' ]
12 silly lifecycle react-redux-simple@1.0.0~start: Returned: code: 1  signal: null
13 info lifecycle react-redux-simple@1.0.0~start: Failed to exec start script
14 verbose stack Error: react-redux-simple@1.0.0 start: `NODE_ENV=dev webpack-dev-server`
14 verbose stack Exit status 1
14 verbose stack     at EventEmitter.<anonymous> (/usr/local/Cellar/node/7.2.1/libexec/npm/lib/node_modules/npm/lib/utils/lifecycle.js:255:16)
14 verbose stack     at emitTwo (events.js:106:13)
14 verbose stack     at EventEmitter.emit (events.js:191:7)
14 verbose stack     at ChildProcess.<anonymous> (/usr/local/Cellar/node/7.2.1/libexec/npm/lib/node_modules/npm/lib/utils/spawn.js:40:14)
14 verbose stack     at emitTwo (events.js:106:13)
14 verbose stack     at ChildProcess.emit (events.js:191:7)
14 verbose stack     at maybeClose (internal/child_process.js:885:16)
14 verbose stack     at Process.ChildProcess._handle.onexit (internal/child_process.js:226:5)
15 verbose pkgid react-redux-simple@1.0.0
16 verbose cwd /Users/yangbai/code/workspace/redux/react-redux-simple
17 error Darwin 16.5.0
18 error argv "/usr/local/Cellar/node/7.2.1/bin/node" "/usr/local/bin/npm" "start"
19 error node v7.2.1
20 error npm  v3.10.9
21 error code ELIFECYCLE
22 error react-redux-simple@1.0.0 start: `NODE_ENV=dev webpack-dev-server`
22 error Exit status 1
23 error Failed at the react-redux-simple@1.0.0 start script 'NODE_ENV=dev webpack-dev-server'.
23 error Make sure you have the latest version of node.js and npm installed.
23 error If you do, this is most likely a problem with the react-redux-simple package,
23 error not with npm itself.
23 error Tell the author that this fails on your system:
23 error     NODE_ENV=dev webpack-dev-server
23 error You can get information on how to open an issue for this project with:
23 error     npm bugs react-redux-simple
23 error Or if that isn't available, you can get their info via:
23 error     npm owner ls react-redux-simple
23 error There is likely additional logging output above.
24 verbose exit [ 1, true ]
